<?xml version="1.0" encoding="UTF-8"?>
<!-- Generated by org.testng.reporters.JUnitXMLReporter -->
<testsuite ignored="0" hostname="Prince-Vegeta" failures="0" tests="4" name="regression" time="5.427" errors="0" timestamp="2026-05-28T21:59:38 IST">
  <testcase classname="TestCase.annotation" name="test1" time="0.009"/>
  <testcase classname="TestCase.annotation" name="test2" time="0.002"/>
  <testcase classname="TestCase.annotation" name="test3" time="0.002"/>
  <testcase classname="TestCase.asserrtion" name="assert1" time="5.337"/>
</testsuite> <!-- regression -->
