<?xml version="1.0" encoding="UTF-8"?>
<!-- Generated by org.testng.reporters.JUnitXMLReporter -->
<testsuite ignored="0" hostname="Prince-Vegeta" failures="1" tests="1" name="Test" time="21.513" errors="0" timestamp="2026-08-02T06:10:36 IST">
  <testcase classname="TestCase.asserrtion_soft_hard" name="assSoftHard" time="9.373">
    <failure type="java.lang.AssertionError" message="The following asserts failed:
	successfull title expected [Electronics, Cars, Fashion, Collectibles &amp;amp; More | eBay] but found [Pardon Our Interruption...]">
      <![CDATA[java.lang.AssertionError: The following asserts failed:
successfull title expected [Electronics, Cars, Fashion, Collectibles & More | eBay] but found [Pardon Our Interruption...]
at TestCase.asserrtion_soft_hard.assSoftHard(asserrtion_soft_hard.java:60)
at java.base/java.util.ArrayList.forEach(ArrayList.java:1604)
... Removed 31 stack frames]]>
    </failure>
  </testcase> <!-- assSoftHard -->
</testsuite> <!-- Test -->
