<?xml version="1.0" encoding="UTF-8"?>
<!-- Generated by org.testng.reporters.JUnitXMLReporter -->
<testsuite ignored="0" hostname="Prince-Vegeta" failures="0" tests="1" name="Test1" time="5.575" errors="0" timestamp="2026-08-04T08:44:23 IST">
  <testcase classname="Base.basetest" name="@BeforeMethod setup" time="5.502">
    <failure type="java.lang.NullPointerException">
      <![CDATA[java.lang.NullPointerException
at java.base/java.util.Objects.requireNonNull(Objects.java:220)
at java.base/java.util.ImmutableCollections$Map1.<init>(ImmutableCollections.java:1351)
at java.base/java.util.Map.of(Map.java:1364)
at org.openqa.selenium.remote.DriverCommand.GET(DriverCommand.java:249)
at org.openqa.selenium.remote.RemoteWebDriver.get(RemoteWebDriver.java:366)
at Base.basetest.setup(basetest.java:103)
at java.base/java.util.ArrayList.forEach(ArrayList.java:1604)
... Removed 33 stack frames]]>
    </failure>
  </testcase> <!-- @BeforeMethod setup -->
  <testcase classname="Base.basetest" name="@AfterMethod teardown" time="0.0">
    <skipped/>
  </testcase> <!-- @AfterMethod teardown -->
  <testcase classname="TestCase.asserrtion_soft_hard" name="assSoftHard" time="0.0">
    <skipped/>
  </testcase> <!-- assSoftHard -->
</testsuite> <!-- Test1 -->
