<?xml version="1.0" encoding="UTF-8"?>
<testng-results ignored="0" total="1" passed="1" failed="0" skipped="0">
  <reporter-output>
  </reporter-output>
  <suite started-at="2026-08-04T07:05:41 IST" name="Suite" finished-at="2026-08-04T07:06:16 IST" duration-ms="35341">
    <groups>
    </groups>
    <test started-at="2026-08-04T07:05:41 IST" name="Test1" finished-at="2026-08-04T07:06:16 IST" duration-ms="35341">
      <class name="TestCase.asserrtion_soft_hard">
        <test-method is-config="true" signature="setup()[pri:0, instance:TestCase.asserrtion_soft_hard@49c386c8]" started-at="2026-08-04T07:05:41 IST" name="setup" finished-at="2026-08-04T07:05:58 IST" duration-ms="17301" status="PASS">
          <reporter-output>
          </reporter-output>
        </test-method> <!-- setup -->
        <test-method signature="assSoftHard()[pri:0, instance:TestCase.asserrtion_soft_hard@49c386c8]" started-at="2026-08-04T07:05:58 IST" name="assSoftHard" finished-at="2026-08-04T07:06:14 IST" duration-ms="15818" status="PASS">
          <reporter-output>
          </reporter-output>
        </test-method> <!-- assSoftHard -->
        <test-method is-config="true" signature="teardown()[pri:0, instance:TestCase.asserrtion_soft_hard@49c386c8]" started-at="2026-08-04T07:06:14 IST" name="teardown" finished-at="2026-08-04T07:06:16 IST" duration-ms="2130" status="PASS">
          <reporter-output>
          </reporter-output>
        </test-method> <!-- teardown -->
      </class> <!-- TestCase.asserrtion_soft_hard -->
    </test> <!-- Test1 -->
  </suite> <!-- Suite -->
</testng-results>
