<?xml version="1.0" encoding="UTF-8"?>
<!-- Generated by org.testng.reporters.JUnitXMLReporter -->
<testsuite ignored="0" hostname="Prince-Vegeta" failures="0" tests="6" name="GRP-Regression" time="0.088" errors="0" timestamp="2026-05-28T19:55:46 IST">
  <testcase classname="TestCase.gropus" name="test1" time="0.011"/>
  <testcase classname="TestCase.gropus" name="test2" time="0.003"/>
  <testcase classname="TestCase.gropus" name="test3" time="0.001"/>
  <testcase classname="TestCase.gropus" name="test4" time="0.001"/>
  <testcase classname="TestCase.gropus" name="test5" time="0.003"/>
  <testcase classname="TestCase.gropus" name="test6" time="0.002"/>
</testsuite> <!-- GRP-Regression -->
