<?xml version="1.0" encoding="UTF-8"?>
<!-- Generated by org.testng.reporters.JUnitXMLReporter -->
<testsuite ignored="1" hostname="Prince-Vegeta" failures="0" tests="5" name="GRP-smoke" time="0.09" errors="0" timestamp="2026-05-28T19:54:46 IST">
  <testcase classname="TestCase.gropus" name="test1" time="0.011"/>
  <testcase classname="TestCase.gropus" name="test2" time="0.001"/>
  <testcase classname="TestCase.gropus" name="test3" time="0.002"/>
  <testcase classname="TestCase.gropus" name="test4" time="0.002"/>
  <testcase classname="TestCase.gropus" name="test6" time="0.002"/>
  <testcase classname="TestCase.gropus" name="test5" time="0.0">
    <ignored/>
  </testcase> <!-- test5 -->
</testsuite> <!-- GRP-smoke -->
