<?xml version="1.0" encoding="UTF-8"?>
<!-- Generated by org.testng.reporters.JUnitXMLReporter -->
<testsuite ignored="3" hostname="Prince-Vegeta" failures="0" tests="3" name="GRP-sanity" time="0.077" errors="0" timestamp="2026-05-28T19:55:27 IST">
  <testcase classname="TestCase.gropus" name="test4" time="0.01"/>
  <testcase classname="TestCase.gropus" name="test5" time="0.001"/>
  <testcase classname="TestCase.gropus" name="test6" time="0.004"/>
  <testcase classname="TestCase.gropus" name="test2" time="0.0">
    <ignored/>
  </testcase> <!-- test2 -->
  <testcase classname="TestCase.gropus" name="test3" time="0.0">
    <ignored/>
  </testcase> <!-- test3 -->
  <testcase classname="TestCase.gropus" name="test1" time="0.0">
    <ignored/>
  </testcase> <!-- test1 -->
</testsuite> <!-- GRP-sanity -->
