<?xml version="1.0" encoding="UTF-8"?>
<!-- Generated by org.testng.reporters.JUnitReportReporter -->
<testsuite hostname="Prince-Vegeta" failures="0" tests="2" name="TestCase.Test_script" time="51.139" errors="0" timestamp="2026-08-16T08:53:31 IST" skipped="0">
  <testcase classname="TestCase.Test_script" name="LogintoApplication" time="23.627">
    <system-out>
      <![CDATA[logs are onTestSuccess: LogintoApplication
<a href="C:\Users\Dell\eclipse-workspace_TestNG_automation\TestNG_auto_framework\screenshots">Test Result</a>]]>
    </system-out>
  </testcase> <!-- LogintoApplication -->
  <testcase classname="TestCase.Test_script" name="LogintoApplication" time="27.512">
    <system-out>
      <![CDATA[logs are onTestSuccess: LogintoApplication
<a href="C:\Users\Dell\eclipse-workspace_TestNG_automation\TestNG_auto_framework\screenshots">Test Result</a>]]>
    </system-out>
  </testcase> <!-- LogintoApplication -->
  <system-out>
    <![CDATA[logs are onTestSuccess: LogintoApplication
<a href="C:\Users\Dell\eclipse-workspace_TestNG_automation\TestNG_auto_framework\screenshots">Test Result</a>
logs are onTestSuccess: LogintoApplication
<a href="C:\Users\Dell\eclipse-workspace_TestNG_automation\TestNG_auto_framework\screenshots">Test Result</a>]]>
  </system-out>
</testsuite> <!-- TestCase.Test_script -->
