<?xml version="1.0" encoding="UTF-8"?>
<!-- Generated by org.testng.reporters.JUnitReportReporter -->
<testsuite hostname="Prince-Vegeta" failures="0" tests="2" name="TestCase.skipdemo" time="0.011" errors="0" timestamp="2026-05-29T10:07:05 IST" skipped="2">
  <testcase classname="TestCase.skipdemo" name="skip5dependsonSkip4" time="0.000">
    <skipped/>
  </testcase> <!-- skip5dependsonSkip4 -->
  <testcase classname="TestCase.skipdemo" name="skip4" time="0.011">
    <skipped/>
  </testcase> <!-- skip4 -->
</testsuite> <!-- TestCase.skipdemo -->
