<?xml version="1.0" encoding="UTF-8"?>
<!-- Generated by org.testng.reporters.JUnitReportReporter -->
<testsuite hostname="Prince-Vegeta" failures="0" tests="3" name="TestCase.annotation" time="0.017" errors="0" timestamp="2026-05-28T21:59:38 IST" skipped="0">
  <testcase classname="TestCase.annotation" name="test1" time="0.010"/>
  <testcase classname="TestCase.annotation" name="test2" time="0.004"/>
  <testcase classname="TestCase.annotation" name="test3" time="0.003"/>
</testsuite> <!-- TestCase.annotation -->
