<?xml version="1.0" encoding="UTF-8"?>
<!-- Generated by org.testng.reporters.JUnitReportReporter -->
<testsuite hostname="Prince-Vegeta" failures="0" tests="1" name="TestCase.asserrtion_soft_hard" time="30.772" errors="0" timestamp="2026-05-30T07:18:52 IST" skipped="0">
  <testcase classname="TestCase.asserrtion_soft_hard" name="assSoftHard" time="30.772">
    <system-out>
      <![CDATA[logs are onTestSuccess: assSoftHard
<a href="C:\Users\Dell\eclipse-workspace_TestNG_automation\TestNG_auto_framework\screenshots">Test Result</a>]]>
    </system-out>
  </testcase> <!-- assSoftHard -->
  <system-out>
    <![CDATA[logs are onTestSuccess: assSoftHard
<a href="C:\Users\Dell\eclipse-workspace_TestNG_automation\TestNG_auto_framework\screenshots">Test Result</a>]]>
  </system-out>
</testsuite> <!-- TestCase.asserrtion_soft_hard -->
