<?xml version="1.0" encoding="UTF-8"?>
<!-- Generated by org.testng.reporters.JUnitReportReporter -->
<testsuite hostname="Prince-Vegeta" failures="0" tests="6" name="TestCase.gropus" time="0.023" errors="0" timestamp="2026-05-30T04:38:37 IST" skipped="0">
  <testcase classname="TestCase.gropus" name="test2" time="0.001"/>
  <testcase classname="TestCase.gropus" name="test1" time="0.012"/>
  <testcase classname="TestCase.gropus" name="test4" time="0.001"/>
  <testcase classname="TestCase.gropus" name="test3" time="0.003"/>
  <testcase classname="TestCase.gropus" name="test6" time="0.004"/>
  <testcase classname="TestCase.gropus" name="test5" time="0.002"/>
</testsuite> <!-- TestCase.gropus -->
